<?xml version="1.0" encoding="UTF-8"?>
<testng-results skipped="0" failed="0" ignored="0" total="1" passed="1">
  <reporter-output>
  </reporter-output>
  <suite name="DemoJenkin.DemoJenkin.HomeTest" duration-ms="28321" started-at="2020-06-06T23:19:55 CDT" finished-at="2020-06-06T23:20:23 CDT">
    <groups>
    </groups>
    <test name="Command line test" duration-ms="28321" started-at="2020-06-06T23:19:55 CDT" finished-at="2020-06-06T23:20:23 CDT">
      <class name="DemoJenkin.DemoJenkin.HomeTest">
        <test-method status="PASS" signature="SetUp()[pri:0, instance:DemoJenkin.DemoJenkin.HomeTest@25b2fe]" name="SetUp" is-config="true" duration-ms="22393" started-at="2020-06-06T23:19:55 CDT" finished-at="2020-06-06T23:20:18 CDT">
          <reporter-output>
          </reporter-output>
        </test-method> <!-- SetUp -->
        <test-method status="PASS" signature="VerifyHomeTitleTest()[pri:0, instance:DemoJenkin.DemoJenkin.HomeTest@25b2fe]" name="VerifyHomeTitleTest" duration-ms="4883" started-at="2020-06-06T23:20:18 CDT" finished-at="2020-06-06T23:20:22 CDT">
          <reporter-output>
          </reporter-output>
        </test-method> <!-- VerifyHomeTitleTest -->
        <test-method status="PASS" signature="TearDown()[pri:0, instance:DemoJenkin.DemoJenkin.HomeTest@25b2fe]" name="TearDown" is-config="true" duration-ms="996" started-at="2020-06-06T23:20:22 CDT" finished-at="2020-06-06T23:20:23 CDT">
          <reporter-output>
          </reporter-output>
        </test-method> <!-- TearDown -->
      </class> <!-- DemoJenkin.DemoJenkin.HomeTest -->
    </test> <!-- Command line test -->
  </suite> <!-- DemoJenkin.DemoJenkin.HomeTest -->
</testng-results>
